0 info it worked if it ends with ok
1 verbose cli [ 'C:\\Program Files\\nodejs\\node.exe',
1 verbose cli   'C:\\Program Files\\nodejs\\node_modules\\npm\\bin\\npm-cli.js',
1 verbose cli   'install',
1 verbose cli   'angular-resource#1.3',
1 verbose cli   '--save' ]
2 info using npm@2.15.8
3 info using node@v4.4.7
4 verbose install initial load of D:\Biblioteca\Desktop\contato\package.json
5 warn package.json contato@1.0.0 No repository field.
6 verbose installManyTop reading scoped package data from D:\Biblioteca\Desktop\contato\node_modules\body-parser\package.json
7 verbose installManyTop reading scoped package data from D:\Biblioteca\Desktop\contato\node_modules\express\package.json
8 verbose installManyTop reading scoped package data from D:\Biblioteca\Desktop\contato\node_modules\express-load\package.json
9 verbose installManyTop reading scoped package data from D:\Biblioteca\Desktop\contato\node_modules\method-override\package.json
10 info package.json express-load@1.1.15 No license field.
11 verbose readDependencies loading dependencies from D:\Biblioteca\Desktop\contato\package.json
12 silly cache add args [ 'angular-resource#1.3', null ]
13 verbose cache add spec angular-resource#1.3
14 silly cache add parsed spec Result {
14 silly cache add   raw: 'angular-resource#1.3',
14 silly cache add   scope: null,
14 silly cache add   name: null,
14 silly cache add   rawSpec: 'angular-resource#1.3',
14 silly cache add   spec: 'D:\\Biblioteca\\Desktop\\contato\\angular-resource#1.3',
14 silly cache add   type: 'local' }
15 error addLocal Could not install D:\Biblioteca\Desktop\contato\angular-resource#1.3
16 verbose stack Error: ENOENT: no such file or directory, open 'D:\Biblioteca\Desktop\contato\angular-resource#1.3'
16 verbose stack     at Error (native)
17 verbose cwd D:\Biblioteca\Desktop\contato
18 error Windows_NT 10.0.14393
19 error argv "C:\\Program Files\\nodejs\\node.exe" "C:\\Program Files\\nodejs\\node_modules\\npm\\bin\\npm-cli.js" "install" "angular-resource#1.3" "--save"
20 error node v4.4.7
21 error npm  v2.15.8
22 error path D:\Biblioteca\Desktop\contato\angular-resource#1.3
23 error code ENOENT
24 error errno -4058
25 error syscall open
26 error enoent ENOENT: no such file or directory, open 'D:\Biblioteca\Desktop\contato\angular-resource#1.3'
26 error enoent This is most likely not a problem with npm itself
26 error enoent and is related to npm not being able to find a file.
27 verbose exit [ -4058, true ]
